<?xml version="1.0" encoding="UTF-8"?>
<!-- Generated by org.testng.reporters.JUnitXMLReporter -->
<testsuite ignored="0" hostname="DESKTOP-S76SA9N" failures="1" tests="5" name="Default test" time="119.297" errors="0" timestamp="2022-06-24T14:30:34 ICT">
  <testcase classname="io.cucumber.testng.AbstractTestNGCucumberTests" name="runScenario" time="30.275">
    <failure type="org.openqa.selenium.StaleElementReferenceException" message="Cached elements &amp;apos;By.xpath: //androidx.recyclerview.widget.RecyclerView/android.widget.TextView[@resource-id=&amp;apos;com.lolo.io.onelist:id/textView&amp;apos;]&amp;apos; do not exist in DOM anymore
For documentation on this error, please visit: https://selenium.dev/exceptions/#stale_element_reference
Build info: version: &amp;apos;4.3.0&amp;apos;, revision: &amp;apos;a4995e2c09*&amp;apos;
System info: host: &amp;apos;DESKTOP-S76SA9N&amp;apos;, ip: &amp;apos;10.0.0.217&amp;apos;, os.name: &amp;apos;Windows 11&amp;apos;, os.arch: &amp;apos;amd64&amp;apos;, os.version: &amp;apos;10.0&amp;apos;, java.version: &amp;apos;11.0.15&amp;apos;
Driver info: io.appium.java_client.android.AndroidDriver
Command: [9835824a-1219-442d-875f-db73f04ea0ee, getElementText {id=00000000-0000-1da8-ffff-ffff000000ba}]
Capabilities {appium:appActivity: com.lolo.io.onelist.MainAct..., appium:appPackage: com.lolo.io.onelist, appium:databaseEnabled: false, appium:desired: {appActivity: com.lolo.io.onelist.MainAct..., appPackage: com.lolo.io.onelist, platformName: android, platformVersion: 11, uid: 52c5c997}, appium:deviceApiLevel: 30, appium:deviceManufacturer: Xiaomi, appium:deviceModel: Redmi Note 9 Pro, appium:deviceName: 52c5c997, appium:deviceScreenDensity: 440, appium:deviceScreenSize: 1080x2400, appium:deviceUDID: 52c5c997, appium:javascriptEnabled: true, appium:locationContextEnabled: false, appium:networkConnectionEnabled: true, appium:pixelRatio: 2.75, appium:platformVersion: 11, appium:statBarHeight: 102, appium:takesScreenshot: true, appium:uid: 52c5c997, appium:viewportRect: {height: 2152, left: 0, top: 102, width: 1080}, appium:warnings: {}, appium:webStorageEnabled: false, platformName: ANDROID}
Element: [[AndroidDriver:  on ANDROID (9835824a-1219-442d-875f-db73f04ea0ee)] -&amp;gt; xpath: //androidx.recyclerview.widget.RecyclerView/android.widget.TextView[@resource-id=&amp;apos;com.lolo.io.onelist:id/textView&amp;apos;]]
Session ID: 9835824a-1219-442d-875f-db73f04ea0ee">
      <![CDATA[org.openqa.selenium.StaleElementReferenceException: Cached elements 'By.xpath: //androidx.recyclerview.widget.RecyclerView/android.widget.TextView[@resource-id='com.lolo.io.onelist:id/textView']' do not exist in DOM anymore
For documentation on this error, please visit: https://selenium.dev/exceptions/#stale_element_reference
Build info: version: '4.3.0', revision: 'a4995e2c09*'
System info: host: 'DESKTOP-S76SA9N', ip: '10.0.0.217', os.name: 'Windows 11', os.arch: 'amd64', os.version: '10.0', java.version: '11.0.15'
Driver info: io.appium.java_client.android.AndroidDriver
Command: [9835824a-1219-442d-875f-db73f04ea0ee, getElementText {id=00000000-0000-1da8-ffff-ffff000000ba}]
Capabilities {appium:appActivity: com.lolo.io.onelist.MainAct..., appium:appPackage: com.lolo.io.onelist, appium:databaseEnabled: false, appium:desired: {appActivity: com.lolo.io.onelist.MainAct..., appPackage: com.lolo.io.onelist, platformName: android, platformVersion: 11, uid: 52c5c997}, appium:deviceApiLevel: 30, appium:deviceManufacturer: Xiaomi, appium:deviceModel: Redmi Note 9 Pro, appium:deviceName: 52c5c997, appium:deviceScreenDensity: 440, appium:deviceScreenSize: 1080x2400, appium:deviceUDID: 52c5c997, appium:javascriptEnabled: true, appium:locationContextEnabled: false, appium:networkConnectionEnabled: true, appium:pixelRatio: 2.75, appium:platformVersion: 11, appium:statBarHeight: 102, appium:takesScreenshot: true, appium:uid: 52c5c997, appium:viewportRect: {height: 2152, left: 0, top: 102, width: 1080}, appium:warnings: {}, appium:webStorageEnabled: false, platformName: ANDROID}
Element: [[AndroidDriver:  on ANDROID (9835824a-1219-442d-875f-db73f04ea0ee)] -> xpath: //androidx.recyclerview.widget.RecyclerView/android.widget.TextView[@resource-id='com.lolo.io.onelist:id/textView']]
Session ID: 9835824a-1219-442d-875f-db73f04ea0ee
at java.base/jdk.internal.reflect.NativeConstructorAccessorImpl.newInstance0(Native Method)
at java.base/jdk.internal.reflect.NativeConstructorAccessorImpl.newInstance(NativeConstructorAccessorImpl.java:62)
at java.base/jdk.internal.reflect.DelegatingConstructorAccessorImpl.newInstance(DelegatingConstructorAccessorImpl.java:45)
at java.base/java.lang.reflect.Constructor.newInstance(Constructor.java:490)
at org.openqa.selenium.remote.codec.w3c.W3CHttpResponseCodec.createException(W3CHttpResponseCodec.java:200)
at org.openqa.selenium.remote.codec.w3c.W3CHttpResponseCodec.decode(W3CHttpResponseCodec.java:133)
at org.openqa.selenium.remote.codec.w3c.W3CHttpResponseCodec.decode(W3CHttpResponseCodec.java:53)
at org.openqa.selenium.remote.HttpCommandExecutor.execute(HttpCommandExecutor.java:184)
at io.appium.java_client.remote.AppiumCommandExecutor.execute(AppiumCommandExecutor.java:180)
at org.openqa.selenium.remote.RemoteWebDriver.execute(RemoteWebDriver.java:569)
at org.openqa.selenium.remote.RemoteWebElement.execute(RemoteWebElement.java:257)
at org.openqa.selenium.remote.RemoteWebElement.getText(RemoteWebElement.java:207)
at com.nexsoft.definitions.NewListName.showHeaderList(NewListName.java:126)
at ✽.New list name showed in header(file:///D:/Project/Java/TestNG/FirstList/src/test/resources/features/NewListName.feature:10)
]]>
    </failure>
  </testcase> <!-- runScenario -->
  <testcase classname="io.cucumber.testng.AbstractTestNGCucumberTests" name="runScenario" time="20.632"/>
  <testcase classname="io.cucumber.testng.AbstractTestNGCucumberTests" name="runScenario" time="21.667"/>
  <testcase classname="io.cucumber.testng.AbstractTestNGCucumberTests" name="runScenario" time="22.313"/>
  <testcase classname="io.cucumber.testng.AbstractTestNGCucumberTests" name="runScenario" time="23.548"/>
</testsuite> <!-- Default test -->
