<?xml version="1.0" encoding="UTF-8"?>
<!-- Generated by org.testng.reporters.JUnitReportReporter -->
<testsuite hostname="DESKTOP-S76SA9N" failures="0" tests="5" name="com.nexsoft.runner.NewListNameRunner" time="118.435" errors="1" timestamp="2022-06-24T14:30:35 ICT" skipped="0">
  <testcase classname="com.nexsoft.runner.NewListNameRunner" name="runScenario" time="22.313"/>
  <system-out>
    <![CDATA[<img src='file://D:\Project\Java\TestNG\FirstList\src\test\resources\SS\20220624_143010.PNG'height="350" width="792"/>]]>
  </system-out>
  <testcase classname="com.nexsoft.runner.NewListNameRunner" name="runScenario" time="23.548"/>
  <system-out>
    <![CDATA[<img src='file://D:\Project\Java\TestNG\FirstList\src\test\resources\SS\20220624_143034.PNG'height="350" width="792"/>]]>
  </system-out>
  <testcase classname="com.nexsoft.runner.NewListNameRunner" name="runScenario" time="20.632"/>
  <system-out>
    <![CDATA[<img src='file://D:\Project\Java\TestNG\FirstList\src\test\resources\SS\20220624_142927.PNG'height="350" width="792"/>]]>
  </system-out>
  <testcase classname="com.nexsoft.runner.NewListNameRunner" name="runScenario" time="30.275">
    <error message="Cached elements &#039;By.xpath: //androidx.recyclerview.widget.RecyclerView/android.widget.TextView[@resource-id=&#039;com.lolo.io.onelist:id/textView&#039;]&#039; do not exist in DOM anymore
For documentation on this error, please visit: https://selenium.dev/exceptions/#stale_element_reference
Build info: version: &#039;4.3.0&#039;, revision: &#039;a4995e2c09*&#039;
System info: host: &#039;DESKTOP-S76SA9N&#039;, ip: &#039;10.0.0.217&#039;, os.name: &#039;Windows 11&#039;, os.arch: &#039;amd64&#039;, os.version: &#039;10.0&#039;, java.version: &#039;11.0.15&#039;
Driver info: io.appium.java_client.android.AndroidDriver
Command: [9835824a-1219-442d-875f-db73f04ea0ee, getElementText {id=00000000-0000-1da8-ffff-ffff000000ba}]
Capabilities {appium:appActivity: com.lolo.io.onelist.MainAct..., appium:appPackage: com.lolo.io.onelist, appium:databaseEnabled: false, appium:desired: {appActivity: com.lolo.io.onelist.MainAct..., appPackage: com.lolo.io.onelist, platformName: android, platformVersion: 11, uid: 52c5c997}, appium:deviceApiLevel: 30, appium:deviceManufacturer: Xiaomi, appium:deviceModel: Redmi Note 9 Pro, appium:deviceName: 52c5c997, appium:deviceScreenDensity: 440, appium:deviceScreenSize: 1080x2400, appium:deviceUDID: 52c5c997, appium:javascriptEnabled: true, appium:locationContextEnabled: false, appium:networkConnectionEnabled: true, appium:pixelRatio: 2.75, appium:platformVersion: 11, appium:statBarHeight: 102, appium:takesScreenshot: true, appium:uid: 52c5c997, appium:viewportRect: {height: 2152, left: 0, top: 102, width: 1080}, appium:warnings: {}, appium:webStorageEnabled: false, platformName: ANDROID}
Element: [[AndroidDriver:  on ANDROID (9835824a-1219-442d-875f-db73f04ea0ee)] -&gt; xpath: //androidx.recyclerview.widget.RecyclerView/android.widget.TextView[@resource-id=&#039;com.lolo.io.onelist:id/textView&#039;]]
Session ID: 9835824a-1219-442d-875f-db73f04ea0ee" type="org.openqa.selenium.StaleElementReferenceException">
      <![CDATA[org.openqa.selenium.StaleElementReferenceException: Cached elements 'By.xpath: //androidx.recyclerview.widget.RecyclerView/android.widget.TextView[@resource-id='com.lolo.io.onelist:id/textView']' do not exist in DOM anymore
For documentation on this error, please visit: https://selenium.dev/exceptions/#stale_element_reference
Build info: version: '4.3.0', revision: 'a4995e2c09*'
System info: host: 'DESKTOP-S76SA9N', ip: '10.0.0.217', os.name: 'Windows 11', os.arch: 'amd64', os.version: '10.0', java.version: '11.0.15'
Driver info: io.appium.java_client.android.AndroidDriver
Command: [9835824a-1219-442d-875f-db73f04ea0ee, getElementText {id=00000000-0000-1da8-ffff-ffff000000ba}]
Capabilities {appium:appActivity: com.lolo.io.onelist.MainAct..., appium:appPackage: com.lolo.io.onelist, appium:databaseEnabled: false, appium:desired: {appActivity: com.lolo.io.onelist.MainAct..., appPackage: com.lolo.io.onelist, platformName: android, platformVersion: 11, uid: 52c5c997}, appium:deviceApiLevel: 30, appium:deviceManufacturer: Xiaomi, appium:deviceModel: Redmi Note 9 Pro, appium:deviceName: 52c5c997, appium:deviceScreenDensity: 440, appium:deviceScreenSize: 1080x2400, appium:deviceUDID: 52c5c997, appium:javascriptEnabled: true, appium:locationContextEnabled: false, appium:networkConnectionEnabled: true, appium:pixelRatio: 2.75, appium:platformVersion: 11, appium:statBarHeight: 102, appium:takesScreenshot: true, appium:uid: 52c5c997, appium:viewportRect: {height: 2152, left: 0, top: 102, width: 1080}, appium:warnings: {}, appium:webStorageEnabled: false, platformName: ANDROID}
Element: [[AndroidDriver:  on ANDROID (9835824a-1219-442d-875f-db73f04ea0ee)] -> xpath: //androidx.recyclerview.widget.RecyclerView/android.widget.TextView[@resource-id='com.lolo.io.onelist:id/textView']]
Session ID: 9835824a-1219-442d-875f-db73f04ea0ee
at java.base/jdk.internal.reflect.NativeConstructorAccessorImpl.newInstance0(Native Method)
at java.base/jdk.internal.reflect.NativeConstructorAccessorImpl.newInstance(NativeConstructorAccessorImpl.java:62)
at java.base/jdk.internal.reflect.DelegatingConstructorAccessorImpl.newInstance(DelegatingConstructorAccessorImpl.java:45)
at java.base/java.lang.reflect.Constructor.newInstance(Constructor.java:490)
at org.openqa.selenium.remote.codec.w3c.W3CHttpResponseCodec.createException(W3CHttpResponseCodec.java:200)
at org.openqa.selenium.remote.codec.w3c.W3CHttpResponseCodec.decode(W3CHttpResponseCodec.java:133)
at org.openqa.selenium.remote.codec.w3c.W3CHttpResponseCodec.decode(W3CHttpResponseCodec.java:53)
at org.openqa.selenium.remote.HttpCommandExecutor.execute(HttpCommandExecutor.java:184)
at io.appium.java_client.remote.AppiumCommandExecutor.execute(AppiumCommandExecutor.java:180)
at org.openqa.selenium.remote.RemoteWebDriver.execute(RemoteWebDriver.java:569)
at org.openqa.selenium.remote.RemoteWebElement.execute(RemoteWebElement.java:257)
at org.openqa.selenium.remote.RemoteWebElement.getText(RemoteWebElement.java:207)
at com.nexsoft.definitions.NewListName.showHeaderList(NewListName.java:126)
at ✽.New list name showed in header(file:///D:/Project/Java/TestNG/FirstList/src/test/resources/features/NewListName.feature:10)
]]>
    </error>
  </testcase> <!-- runScenario -->
  <system-out>
    <![CDATA[<img src='file://D:\Project\Java\TestNG\FirstList\src\test\resources\SS\20220624_142905.PNG'height="350" width="792"/>]]>
  </system-out>
  <testcase classname="com.nexsoft.runner.NewListNameRunner" name="runScenario" time="21.667"/>
  <system-out>
    <![CDATA[<img src='file://D:\Project\Java\TestNG\FirstList\src\test\resources\SS\20220624_142948.PNG'height="350" width="792"/>]]>
  </system-out>
</testsuite> <!-- com.nexsoft.runner.NewListNameRunner -->
